<?xml version="1.0" encoding="UTF-8"?>
<robot generator="Robot 4.1.3 (Python 3.10.2 on win32)" generated="20220321 16:27:46.412" rpa="false" schemaversion="2">
<suite id="s1" name="Login" source="C:\Users\elucia\Documents\testeGit\testeSIS-Git\CenariosTeste\login.robot">
<test id="s1-t1" name="cenario: Login na aplicação">
<kw name="Open Browser" library="SeleniumLibrary">
<arg>http://automationpractice.com/index.php</arg>
<arg>chrome</arg>
<doc>Opens a new browser instance to the optional ``url``.</doc>
<msg timestamp="20220321 16:27:46.597" level="INFO">Opening browser 'chrome' to base url 'http://automationpractice.com/index.php'.</msg>
<status status="PASS" starttime="20220321 16:27:46.597" endtime="20220321 16:27:51.105"/>
</kw>
<kw name="Maximize Browser Window" library="SeleniumLibrary">
<doc>Maximizes current browser window.</doc>
<status status="PASS" starttime="20220321 16:27:51.106" endtime="20220321 16:27:51.228"/>
</kw>
<kw name="Set Selenium Timeout" library="SeleniumLibrary">
<arg>60</arg>
<doc>Sets the timeout that is used by various keywords.</doc>
<status status="PASS" starttime="20220321 16:27:51.228" endtime="20220321 16:27:51.230"/>
</kw>
<kw name="Click Element" library="SeleniumLibrary">
<arg>xpath=//a[@class='login']</arg>
<doc>Click the element identified by ``locator``.</doc>
<msg timestamp="20220321 16:27:51.231" level="INFO">Clicking element 'xpath=//a[@class='login']'.</msg>
<status status="PASS" starttime="20220321 16:27:51.231" endtime="20220321 16:27:56.515"/>
</kw>
<kw name="Input Text" library="SeleniumLibrary">
<arg>id=email</arg>
<arg>erica@gmail.com</arg>
<doc>Types the given ``text`` into the text field identified by ``locator``.</doc>
<msg timestamp="20220321 16:27:56.515" level="INFO">Typing text 'erica@gmail.com' into text field 'id=email'.</msg>
<status status="PASS" starttime="20220321 16:27:56.515" endtime="20220321 16:27:56.594"/>
</kw>
<kw name="Input Text" library="SeleniumLibrary">
<arg>id=passwd</arg>
<arg>123456</arg>
<doc>Types the given ``text`` into the text field identified by ``locator``.</doc>
<msg timestamp="20220321 16:27:56.594" level="INFO">Typing text '123456' into text field 'id=passwd'.</msg>
<status status="PASS" starttime="20220321 16:27:56.594" endtime="20220321 16:27:56.670"/>
</kw>
<kw name="Click Element" library="SeleniumLibrary">
<arg>id=SubmitLogin</arg>
<doc>Click the element identified by ``locator``.</doc>
<msg timestamp="20220321 16:27:56.671" level="INFO">Clicking element 'id=SubmitLogin'.</msg>
<status status="PASS" starttime="20220321 16:27:56.671" endtime="20220321 16:27:58.576"/>
</kw>
<kw name="Page Should Contain" library="SeleniumLibrary">
<arg>Erica Santos</arg>
<doc>Verifies that current page contains ``text``.</doc>
<msg timestamp="20220321 16:27:58.594" level="INFO">Current page contains text 'Erica Santos'.</msg>
<status status="PASS" starttime="20220321 16:27:58.576" endtime="20220321 16:27:58.594"/>
</kw>
<kw name="Capture Page Screenshot" library="SeleniumLibrary">
<doc>Takes a screenshot of the current page and embeds it into a log file.</doc>
<msg timestamp="20220321 16:27:58.785" level="INFO" html="true">&lt;/td&gt;&lt;/tr&gt;&lt;tr&gt;&lt;td colspan="3"&gt;&lt;a href="selenium-screenshot-1.png"&gt;&lt;img src="selenium-screenshot-1.png" width="800px"&gt;&lt;/a&gt;</msg>
<status status="PASS" starttime="20220321 16:27:58.594" endtime="20220321 16:27:58.785"/>
</kw>
<kw name="Close Browser" library="SeleniumLibrary">
<doc>Closes the current browser.</doc>
<status status="PASS" starttime="20220321 16:27:58.786" endtime="20220321 16:28:00.898"/>
</kw>
<status status="PASS" starttime="20220321 16:27:46.596" endtime="20220321 16:28:00.900"/>
</test>
<status status="PASS" starttime="20220321 16:27:46.413" endtime="20220321 16:28:00.904"/>
</suite>
<statistics>
<total>
<stat pass="1" fail="0" skip="0">All Tests</stat>
</total>
<tag>
</tag>
<suite>
<stat pass="1" fail="0" skip="0" id="s1" name="Login">Login</stat>
</suite>
</statistics>
<errors>
</errors>
</robot>
