<?xml version="1.0" encoding="UTF-8"?>
<robot generator="Robot 4.1.3 (Python 3.10.2 on win32)" generated="20220322 10:45:08.852" rpa="false" schemaversion="2">
<suite id="s1" name="Cadastro Srbarriga" source="C:\Users\elucia\Documents\testeGit\testeSIS-Git\CenariosTeste\cadastro_srbarriga.robot">
<test id="s1-t1" name="Cenário: Cadastro novo usuário">
<kw name="Open Browser" library="SeleniumLibrary">
<arg>https://seubarriga.wcaquino.me/cadastro</arg>
<arg>chrome</arg>
<doc>Opens a new browser instance to the optional ``url``.</doc>
<msg timestamp="20220322 10:45:09.027" level="INFO">Opening browser 'chrome' to base url 'https://seubarriga.wcaquino.me/cadastro'.</msg>
<status status="PASS" starttime="20220322 10:45:09.027" endtime="20220322 10:45:10.842"/>
</kw>
<kw name="Input Text" library="SeleniumLibrary">
<arg>id=nome</arg>
<arg>Erica</arg>
<doc>Types the given ``text`` into the text field identified by ``locator``.</doc>
<msg timestamp="20220322 10:45:10.844" level="INFO">Typing text 'Erica' into text field 'id=nome'.</msg>
<status status="PASS" starttime="20220322 10:45:10.844" endtime="20220322 10:45:10.931"/>
</kw>
<kw name="Input Text" library="SeleniumLibrary">
<arg>id=email</arg>
<arg>erical3@gmail.com</arg>
<doc>Types the given ``text`` into the text field identified by ``locator``.</doc>
<msg timestamp="20220322 10:45:10.932" level="INFO">Typing text 'erical3@gmail.com' into text field 'id=email'.</msg>
<status status="PASS" starttime="20220322 10:45:10.932" endtime="20220322 10:45:11.011"/>
</kw>
<kw name="Input Text" library="SeleniumLibrary">
<arg>id=senha</arg>
<arg>123456</arg>
<doc>Types the given ``text`` into the text field identified by ``locator``.</doc>
<msg timestamp="20220322 10:45:11.012" level="INFO">Typing text '123456' into text field 'id=senha'.</msg>
<status status="PASS" starttime="20220322 10:45:11.012" endtime="20220322 10:45:11.071"/>
</kw>
<kw name="Click Element" library="SeleniumLibrary">
<arg>xpath=//input[@type='submit']</arg>
<doc>Click the element identified by ``locator``.</doc>
<msg timestamp="20220322 10:45:11.071" level="INFO">Clicking element 'xpath=//input[@type='submit']'.</msg>
<status status="PASS" starttime="20220322 10:45:11.071" endtime="20220322 10:45:11.616"/>
</kw>
<kw name="Element Should Contain" library="SeleniumLibrary">
<arg>//div[@role='alert']</arg>
<arg>Usuário inserido com sucesso</arg>
<doc>Verifies that element ``locator`` contains text ``expected``.</doc>
<msg timestamp="20220322 10:45:11.643" level="INFO">Element '//div[@role='alert']' contains text 'Usuário inserido com sucesso'.</msg>
<status status="PASS" starttime="20220322 10:45:11.617" endtime="20220322 10:45:11.643"/>
</kw>
<kw name="Click Element" library="SeleniumLibrary">
<arg>//a[@href='/cadastro']</arg>
<doc>Click the element identified by ``locator``.</doc>
<msg timestamp="20220322 10:45:11.644" level="INFO">Clicking element '//a[@href='/cadastro']'.</msg>
<status status="PASS" starttime="20220322 10:45:11.643" endtime="20220322 10:45:11.865"/>
</kw>
<status status="PASS" starttime="20220322 10:45:09.027" endtime="20220322 10:45:11.865"/>
</test>
<test id="s1-t2" name="Cenário: Cadastro usuário existente">
<kw name="Input Text" library="SeleniumLibrary">
<arg>id=nome</arg>
<arg>Erica</arg>
<doc>Types the given ``text`` into the text field identified by ``locator``.</doc>
<msg timestamp="20220322 10:45:11.868" level="INFO">Typing text 'Erica' into text field 'id=nome'.</msg>
<status status="PASS" starttime="20220322 10:45:11.867" endtime="20220322 10:45:11.939"/>
</kw>
<kw name="Input Text" library="SeleniumLibrary">
<arg>id=email</arg>
<arg>erical3@gmail.com</arg>
<doc>Types the given ``text`` into the text field identified by ``locator``.</doc>
<msg timestamp="20220322 10:45:11.940" level="INFO">Typing text 'erical3@gmail.com' into text field 'id=email'.</msg>
<status status="PASS" starttime="20220322 10:45:11.939" endtime="20220322 10:45:12.004"/>
</kw>
<kw name="Input Text" library="SeleniumLibrary">
<arg>id=senha</arg>
<arg>123456</arg>
<doc>Types the given ``text`` into the text field identified by ``locator``.</doc>
<msg timestamp="20220322 10:45:12.005" level="INFO">Typing text '123456' into text field 'id=senha'.</msg>
<status status="PASS" starttime="20220322 10:45:12.004" endtime="20220322 10:45:12.068"/>
</kw>
<kw name="Click Element" library="SeleniumLibrary">
<arg>xpath=//input[@type='submit']</arg>
<doc>Click the element identified by ``locator``.</doc>
<msg timestamp="20220322 10:45:12.069" level="INFO">Clicking element 'xpath=//input[@type='submit']'.</msg>
<status status="PASS" starttime="20220322 10:45:12.069" endtime="20220322 10:45:12.636"/>
</kw>
<kw name="Element Should Contain" library="SeleniumLibrary">
<arg>//div[@role='alert']</arg>
<arg>Endereço de email já utilizado</arg>
<doc>Verifies that element ``locator`` contains text ``expected``.</doc>
<msg timestamp="20220322 10:45:12.658" level="INFO">Element '//div[@role='alert']' contains text 'Endereço de email já utilizado'.</msg>
<status status="PASS" starttime="20220322 10:45:12.636" endtime="20220322 10:45:12.658"/>
</kw>
<status status="PASS" starttime="20220322 10:45:11.867" endtime="20220322 10:45:12.659"/>
</test>
<test id="s1-t3" name="Cenário: Login">
<kw name="Click Element" library="SeleniumLibrary">
<arg>//a[@href='/login']</arg>
<doc>Click the element identified by ``locator``.</doc>
<msg timestamp="20220322 10:45:12.661" level="INFO">Clicking element '//a[@href='/login']'.</msg>
<status status="PASS" starttime="20220322 10:45:12.661" endtime="20220322 10:45:12.868"/>
</kw>
<kw name="Input Text" library="SeleniumLibrary">
<arg>id=email</arg>
<arg>erical3@gmail.com</arg>
<doc>Types the given ``text`` into the text field identified by ``locator``.</doc>
<msg timestamp="20220322 10:45:12.869" level="INFO">Typing text 'erical3@gmail.com' into text field 'id=email'.</msg>
<status status="PASS" starttime="20220322 10:45:12.869" endtime="20220322 10:45:12.938"/>
</kw>
<kw name="Input Text" library="SeleniumLibrary">
<arg>id=senha</arg>
<arg>123456</arg>
<doc>Types the given ``text`` into the text field identified by ``locator``.</doc>
<msg timestamp="20220322 10:45:12.939" level="INFO">Typing text '123456' into text field 'id=senha'.</msg>
<status status="PASS" starttime="20220322 10:45:12.938" endtime="20220322 10:45:13.002"/>
</kw>
<kw name="Click Element" library="SeleniumLibrary">
<arg>xpath=//button[@type='submit']</arg>
<doc>Click the element identified by ``locator``.</doc>
<msg timestamp="20220322 10:45:13.002" level="INFO">Clicking element 'xpath=//button[@type='submit']'.</msg>
<status status="PASS" starttime="20220322 10:45:13.002" endtime="20220322 10:45:13.529"/>
</kw>
<kw name="Element Should Contain" library="SeleniumLibrary">
<arg>//div[@role='alert']</arg>
<arg>Bem vindo</arg>
<doc>Verifies that element ``locator`` contains text ``expected``.</doc>
<msg timestamp="20220322 10:45:13.551" level="INFO">Element '//div[@role='alert']' contains text 'Bem vindo'.</msg>
<status status="PASS" starttime="20220322 10:45:13.529" endtime="20220322 10:45:13.551"/>
</kw>
<status status="PASS" starttime="20220322 10:45:12.660" endtime="20220322 10:45:13.552"/>
</test>
<status status="PASS" starttime="20220322 10:45:08.856" endtime="20220322 10:45:13.553"/>
</suite>
<statistics>
<total>
<stat pass="3" fail="0" skip="0">All Tests</stat>
</total>
<tag>
</tag>
<suite>
<stat pass="3" fail="0" skip="0" id="s1" name="Cadastro Srbarriga">Cadastro Srbarriga</stat>
</suite>
</statistics>
<errors>
</errors>
</robot>
