<?xml version="1.0" encoding="UTF-8"?>
<robot generator="Robot 4.1.3 (Python 3.10.2 on win32)" generated="20220321 10:49:32.666" rpa="false" schemaversion="2">
<suite id="s1" name="Condicional" source="C:\Users\elucia\Documents\testeGit\testeSIS-Git\condicional.robot">
<test id="s1-t1" name="validar carro">
<kw name="condicional simples">
<arg>bicicleta</arg>
<if>
<branch type="IF" condition="&quot;${veiculo}&quot; == &quot;Automovel&quot;">
<kw name="Log To Console" library="BuiltIn">
<arg>Encontrei um Automovel!</arg>
<doc>Logs the given message to the console.</doc>
<status status="NOT RUN" starttime="20220321 10:49:32.692" endtime="20220321 10:49:32.692"/>
</kw>
<status status="NOT RUN" starttime="20220321 10:49:32.692" endtime="20220321 10:49:32.692"/>
</branch>
<branch type="ELSE">
<kw name="Log To Console" library="BuiltIn">
<arg>Não encontrei um Automovel!</arg>
<doc>Logs the given message to the console.</doc>
<status status="PASS" starttime="20220321 10:49:32.692" endtime="20220321 10:49:32.693"/>
</kw>
<status status="PASS" starttime="20220321 10:49:32.692" endtime="20220321 10:49:32.693"/>
</branch>
<status status="PASS" starttime="20220321 10:49:32.692" endtime="20220321 10:49:32.693"/>
</if>
<status status="PASS" starttime="20220321 10:49:32.692" endtime="20220321 10:49:32.693"/>
</kw>
<status status="PASS" starttime="20220321 10:49:32.691" endtime="20220321 10:49:32.693"/>
</test>
<test id="s1-t2" name="validar numero">
<kw name="Create List" library="BuiltIn">
<var>@{lista}</var>
<arg>1</arg>
<arg>2</arg>
<arg>3</arg>
<arg>4</arg>
<arg>5</arg>
<doc>Returns a list containing given items.</doc>
<msg timestamp="20220321 10:49:32.696" level="INFO">@{lista} = [ 1 | 2 | 3 | 4 | 5 ]</msg>
<status status="PASS" starttime="20220321 10:49:32.695" endtime="20220321 10:49:32.696"/>
</kw>
<kw name="encontrar numero">
<arg>@{lista}</arg>
<for flavor="IN">
<var>${cont}</var>
<value>@{lista}</value>
<iter>
<var name="${cont}">1</var>
<if>
<branch type="IF" condition="&quot;${cont}&quot; == &quot;5&quot;">
<kw name="Log To Console" library="BuiltIn">
<arg>Sucesso</arg>
<doc>Logs the given message to the console.</doc>
<status status="NOT RUN" starttime="20220321 10:49:32.697" endtime="20220321 10:49:32.697"/>
</kw>
<status status="NOT RUN" starttime="20220321 10:49:32.697" endtime="20220321 10:49:32.697"/>
</branch>
<status status="PASS" starttime="20220321 10:49:32.697" endtime="20220321 10:49:32.697"/>
</if>
<status status="PASS" starttime="20220321 10:49:32.697" endtime="20220321 10:49:32.697"/>
</iter>
<iter>
<var name="${cont}">2</var>
<if>
<branch type="IF" condition="&quot;${cont}&quot; == &quot;5&quot;">
<kw name="Log To Console" library="BuiltIn">
<arg>Sucesso</arg>
<doc>Logs the given message to the console.</doc>
<status status="NOT RUN" starttime="20220321 10:49:32.698" endtime="20220321 10:49:32.698"/>
</kw>
<status status="NOT RUN" starttime="20220321 10:49:32.697" endtime="20220321 10:49:32.698"/>
</branch>
<status status="PASS" starttime="20220321 10:49:32.697" endtime="20220321 10:49:32.698"/>
</if>
<status status="PASS" starttime="20220321 10:49:32.697" endtime="20220321 10:49:32.698"/>
</iter>
<iter>
<var name="${cont}">3</var>
<if>
<branch type="IF" condition="&quot;${cont}&quot; == &quot;5&quot;">
<kw name="Log To Console" library="BuiltIn">
<arg>Sucesso</arg>
<doc>Logs the given message to the console.</doc>
<status status="NOT RUN" starttime="20220321 10:49:32.698" endtime="20220321 10:49:32.698"/>
</kw>
<status status="NOT RUN" starttime="20220321 10:49:32.698" endtime="20220321 10:49:32.698"/>
</branch>
<status status="PASS" starttime="20220321 10:49:32.698" endtime="20220321 10:49:32.698"/>
</if>
<status status="PASS" starttime="20220321 10:49:32.698" endtime="20220321 10:49:32.698"/>
</iter>
<iter>
<var name="${cont}">4</var>
<if>
<branch type="IF" condition="&quot;${cont}&quot; == &quot;5&quot;">
<kw name="Log To Console" library="BuiltIn">
<arg>Sucesso</arg>
<doc>Logs the given message to the console.</doc>
<status status="NOT RUN" starttime="20220321 10:49:32.698" endtime="20220321 10:49:32.698"/>
</kw>
<status status="NOT RUN" starttime="20220321 10:49:32.698" endtime="20220321 10:49:32.698"/>
</branch>
<status status="PASS" starttime="20220321 10:49:32.698" endtime="20220321 10:49:32.698"/>
</if>
<status status="PASS" starttime="20220321 10:49:32.698" endtime="20220321 10:49:32.698"/>
</iter>
<iter>
<var name="${cont}">5</var>
<if>
<branch type="IF" condition="&quot;${cont}&quot; == &quot;5&quot;">
<kw name="Log To Console" library="BuiltIn">
<arg>Sucesso</arg>
<doc>Logs the given message to the console.</doc>
<status status="PASS" starttime="20220321 10:49:32.699" endtime="20220321 10:49:32.699"/>
</kw>
<status status="PASS" starttime="20220321 10:49:32.699" endtime="20220321 10:49:32.699"/>
</branch>
<status status="PASS" starttime="20220321 10:49:32.699" endtime="20220321 10:49:32.699"/>
</if>
<status status="PASS" starttime="20220321 10:49:32.699" endtime="20220321 10:49:32.699"/>
</iter>
<status status="PASS" starttime="20220321 10:49:32.697" endtime="20220321 10:49:32.699"/>
</for>
<status status="PASS" starttime="20220321 10:49:32.697" endtime="20220321 10:49:32.700"/>
</kw>
<status status="PASS" starttime="20220321 10:49:32.695" endtime="20220321 10:49:32.700"/>
</test>
<test id="s1-t3" name="impar ou par">
<kw name="Create List" library="BuiltIn">
<var>@{lista}</var>
<arg>1</arg>
<arg>2</arg>
<arg>3</arg>
<arg>4</arg>
<arg>5</arg>
<doc>Returns a list containing given items.</doc>
<msg timestamp="20220321 10:49:32.702" level="INFO">@{lista} = [ 1 | 2 | 3 | 4 | 5 ]</msg>
<status status="PASS" starttime="20220321 10:49:32.702" endtime="20220321 10:49:32.702"/>
</kw>
<kw name="par impar">
<arg>@{lista}</arg>
<for flavor="IN">
<var>${cont}</var>
<value>@{lista}</value>
<iter>
<var name="${cont}">1</var>
<kw name="Evaluate" library="BuiltIn">
<var>${resultado}</var>
<arg>${cont}%2</arg>
<doc>Evaluates the given expression in Python and returns the result.</doc>
<msg timestamp="20220321 10:49:32.703" level="INFO">${resultado} = 1</msg>
<status status="PASS" starttime="20220321 10:49:32.703" endtime="20220321 10:49:32.703"/>
</kw>
<if>
<branch type="IF" condition="&quot;${resultado}&quot; == &quot;0&quot;">
<kw name="Log To Console" library="BuiltIn">
<arg>O numero ${cont} é PAR</arg>
<doc>Logs the given message to the console.</doc>
<status status="NOT RUN" starttime="20220321 10:49:32.704" endtime="20220321 10:49:32.704"/>
</kw>
<status status="NOT RUN" starttime="20220321 10:49:32.704" endtime="20220321 10:49:32.704"/>
</branch>
<branch type="ELSE">
<kw name="Log To Console" library="BuiltIn">
<arg>o numero ${cont} é IMPAR</arg>
<doc>Logs the given message to the console.</doc>
<status status="PASS" starttime="20220321 10:49:32.704" endtime="20220321 10:49:32.705"/>
</kw>
<status status="PASS" starttime="20220321 10:49:32.704" endtime="20220321 10:49:32.705"/>
</branch>
<status status="PASS" starttime="20220321 10:49:32.704" endtime="20220321 10:49:32.705"/>
</if>
<status status="PASS" starttime="20220321 10:49:32.703" endtime="20220321 10:49:32.705"/>
</iter>
<iter>
<var name="${cont}">2</var>
<kw name="Evaluate" library="BuiltIn">
<var>${resultado}</var>
<arg>${cont}%2</arg>
<doc>Evaluates the given expression in Python and returns the result.</doc>
<msg timestamp="20220321 10:49:32.705" level="INFO">${resultado} = 0</msg>
<status status="PASS" starttime="20220321 10:49:32.705" endtime="20220321 10:49:32.705"/>
</kw>
<if>
<branch type="IF" condition="&quot;${resultado}&quot; == &quot;0&quot;">
<kw name="Log To Console" library="BuiltIn">
<arg>O numero ${cont} é PAR</arg>
<doc>Logs the given message to the console.</doc>
<status status="PASS" starttime="20220321 10:49:32.706" endtime="20220321 10:49:32.706"/>
</kw>
<status status="PASS" starttime="20220321 10:49:32.706" endtime="20220321 10:49:32.706"/>
</branch>
<branch type="ELSE">
<kw name="Log To Console" library="BuiltIn">
<arg>o numero ${cont} é IMPAR</arg>
<doc>Logs the given message to the console.</doc>
<status status="NOT RUN" starttime="20220321 10:49:32.706" endtime="20220321 10:49:32.706"/>
</kw>
<status status="NOT RUN" starttime="20220321 10:49:32.706" endtime="20220321 10:49:32.706"/>
</branch>
<status status="PASS" starttime="20220321 10:49:32.705" endtime="20220321 10:49:32.706"/>
</if>
<status status="PASS" starttime="20220321 10:49:32.705" endtime="20220321 10:49:32.706"/>
</iter>
<iter>
<var name="${cont}">3</var>
<kw name="Evaluate" library="BuiltIn">
<var>${resultado}</var>
<arg>${cont}%2</arg>
<doc>Evaluates the given expression in Python and returns the result.</doc>
<msg timestamp="20220321 10:49:32.708" level="INFO">${resultado} = 1</msg>
<status status="PASS" starttime="20220321 10:49:32.706" endtime="20220321 10:49:32.708"/>
</kw>
<if>
<branch type="IF" condition="&quot;${resultado}&quot; == &quot;0&quot;">
<kw name="Log To Console" library="BuiltIn">
<arg>O numero ${cont} é PAR</arg>
<doc>Logs the given message to the console.</doc>
<status status="NOT RUN" starttime="20220321 10:49:32.708" endtime="20220321 10:49:32.708"/>
</kw>
<status status="NOT RUN" starttime="20220321 10:49:32.708" endtime="20220321 10:49:32.708"/>
</branch>
<branch type="ELSE">
<kw name="Log To Console" library="BuiltIn">
<arg>o numero ${cont} é IMPAR</arg>
<doc>Logs the given message to the console.</doc>
<status status="PASS" starttime="20220321 10:49:32.708" endtime="20220321 10:49:32.710"/>
</kw>
<status status="PASS" starttime="20220321 10:49:32.708" endtime="20220321 10:49:32.710"/>
</branch>
<status status="PASS" starttime="20220321 10:49:32.708" endtime="20220321 10:49:32.710"/>
</if>
<status status="PASS" starttime="20220321 10:49:32.706" endtime="20220321 10:49:32.710"/>
</iter>
<iter>
<var name="${cont}">4</var>
<kw name="Evaluate" library="BuiltIn">
<var>${resultado}</var>
<arg>${cont}%2</arg>
<doc>Evaluates the given expression in Python and returns the result.</doc>
<msg timestamp="20220321 10:49:32.710" level="INFO">${resultado} = 0</msg>
<status status="PASS" starttime="20220321 10:49:32.710" endtime="20220321 10:49:32.710"/>
</kw>
<if>
<branch type="IF" condition="&quot;${resultado}&quot; == &quot;0&quot;">
<kw name="Log To Console" library="BuiltIn">
<arg>O numero ${cont} é PAR</arg>
<doc>Logs the given message to the console.</doc>
<status status="PASS" starttime="20220321 10:49:32.711" endtime="20220321 10:49:32.711"/>
</kw>
<status status="PASS" starttime="20220321 10:49:32.710" endtime="20220321 10:49:32.711"/>
</branch>
<branch type="ELSE">
<kw name="Log To Console" library="BuiltIn">
<arg>o numero ${cont} é IMPAR</arg>
<doc>Logs the given message to the console.</doc>
<status status="NOT RUN" starttime="20220321 10:49:32.711" endtime="20220321 10:49:32.712"/>
</kw>
<status status="NOT RUN" starttime="20220321 10:49:32.711" endtime="20220321 10:49:32.712"/>
</branch>
<status status="PASS" starttime="20220321 10:49:32.710" endtime="20220321 10:49:32.712"/>
</if>
<status status="PASS" starttime="20220321 10:49:32.710" endtime="20220321 10:49:32.712"/>
</iter>
<iter>
<var name="${cont}">5</var>
<kw name="Evaluate" library="BuiltIn">
<var>${resultado}</var>
<arg>${cont}%2</arg>
<doc>Evaluates the given expression in Python and returns the result.</doc>
<msg timestamp="20220321 10:49:32.713" level="INFO">${resultado} = 1</msg>
<status status="PASS" starttime="20220321 10:49:32.712" endtime="20220321 10:49:32.713"/>
</kw>
<if>
<branch type="IF" condition="&quot;${resultado}&quot; == &quot;0&quot;">
<kw name="Log To Console" library="BuiltIn">
<arg>O numero ${cont} é PAR</arg>
<doc>Logs the given message to the console.</doc>
<status status="NOT RUN" starttime="20220321 10:49:32.713" endtime="20220321 10:49:32.713"/>
</kw>
<status status="NOT RUN" starttime="20220321 10:49:32.713" endtime="20220321 10:49:32.713"/>
</branch>
<branch type="ELSE">
<kw name="Log To Console" library="BuiltIn">
<arg>o numero ${cont} é IMPAR</arg>
<doc>Logs the given message to the console.</doc>
<status status="PASS" starttime="20220321 10:49:32.713" endtime="20220321 10:49:32.714"/>
</kw>
<status status="PASS" starttime="20220321 10:49:32.713" endtime="20220321 10:49:32.714"/>
</branch>
<status status="PASS" starttime="20220321 10:49:32.713" endtime="20220321 10:49:32.714"/>
</if>
<status status="PASS" starttime="20220321 10:49:32.712" endtime="20220321 10:49:32.714"/>
</iter>
<status status="PASS" starttime="20220321 10:49:32.703" endtime="20220321 10:49:32.714"/>
</for>
<status status="PASS" starttime="20220321 10:49:32.703" endtime="20220321 10:49:32.714"/>
</kw>
<status status="PASS" starttime="20220321 10:49:32.702" endtime="20220321 10:49:32.714"/>
</test>
<test id="s1-t4" name="imprime numero">
<kw name="numero">
<for flavor="IN RANGE">
<var>${cont}</var>
<value>0</value>
<value>10</value>
<iter>
<var name="${cont}">0</var>
<if>
<branch type="IF" condition="${cont} == 5">
<kw name="Log To Console" library="BuiltIn">
<arg>estou no numro ${cont}</arg>
<doc>Logs the given message to the console.</doc>
<status status="NOT RUN" starttime="20220321 10:49:32.716" endtime="20220321 10:49:32.716"/>
</kw>
<status status="NOT RUN" starttime="20220321 10:49:32.716" endtime="20220321 10:49:32.716"/>
</branch>
<branch type="ELSE IF" condition="${cont} == 8">
<kw name="Log To Console" library="BuiltIn">
<arg>estou no numro ${cont}</arg>
<doc>Logs the given message to the console.</doc>
<status status="NOT RUN" starttime="20220321 10:49:32.717" endtime="20220321 10:49:32.717"/>
</kw>
<status status="NOT RUN" starttime="20220321 10:49:32.717" endtime="20220321 10:49:32.717"/>
</branch>
<status status="PASS" starttime="20220321 10:49:32.716" endtime="20220321 10:49:32.717"/>
</if>
<status status="PASS" starttime="20220321 10:49:32.716" endtime="20220321 10:49:32.717"/>
</iter>
<iter>
<var name="${cont}">1</var>
<if>
<branch type="IF" condition="${cont} == 5">
<kw name="Log To Console" library="BuiltIn">
<arg>estou no numro ${cont}</arg>
<doc>Logs the given message to the console.</doc>
<status status="NOT RUN" starttime="20220321 10:49:32.717" endtime="20220321 10:49:32.717"/>
</kw>
<status status="NOT RUN" starttime="20220321 10:49:32.717" endtime="20220321 10:49:32.717"/>
</branch>
<branch type="ELSE IF" condition="${cont} == 8">
<kw name="Log To Console" library="BuiltIn">
<arg>estou no numro ${cont}</arg>
<doc>Logs the given message to the console.</doc>
<status status="NOT RUN" starttime="20220321 10:49:32.717" endtime="20220321 10:49:32.717"/>
</kw>
<status status="NOT RUN" starttime="20220321 10:49:32.717" endtime="20220321 10:49:32.717"/>
</branch>
<status status="PASS" starttime="20220321 10:49:32.717" endtime="20220321 10:49:32.717"/>
</if>
<status status="PASS" starttime="20220321 10:49:32.717" endtime="20220321 10:49:32.717"/>
</iter>
<iter>
<var name="${cont}">2</var>
<if>
<branch type="IF" condition="${cont} == 5">
<kw name="Log To Console" library="BuiltIn">
<arg>estou no numro ${cont}</arg>
<doc>Logs the given message to the console.</doc>
<status status="NOT RUN" starttime="20220321 10:49:32.718" endtime="20220321 10:49:32.718"/>
</kw>
<status status="NOT RUN" starttime="20220321 10:49:32.717" endtime="20220321 10:49:32.718"/>
</branch>
<branch type="ELSE IF" condition="${cont} == 8">
<kw name="Log To Console" library="BuiltIn">
<arg>estou no numro ${cont}</arg>
<doc>Logs the given message to the console.</doc>
<status status="NOT RUN" starttime="20220321 10:49:32.718" endtime="20220321 10:49:32.718"/>
</kw>
<status status="NOT RUN" starttime="20220321 10:49:32.718" endtime="20220321 10:49:32.718"/>
</branch>
<status status="PASS" starttime="20220321 10:49:32.717" endtime="20220321 10:49:32.718"/>
</if>
<status status="PASS" starttime="20220321 10:49:32.717" endtime="20220321 10:49:32.718"/>
</iter>
<iter>
<var name="${cont}">3</var>
<if>
<branch type="IF" condition="${cont} == 5">
<kw name="Log To Console" library="BuiltIn">
<arg>estou no numro ${cont}</arg>
<doc>Logs the given message to the console.</doc>
<status status="NOT RUN" starttime="20220321 10:49:32.718" endtime="20220321 10:49:32.718"/>
</kw>
<status status="NOT RUN" starttime="20220321 10:49:32.718" endtime="20220321 10:49:32.718"/>
</branch>
<branch type="ELSE IF" condition="${cont} == 8">
<kw name="Log To Console" library="BuiltIn">
<arg>estou no numro ${cont}</arg>
<doc>Logs the given message to the console.</doc>
<status status="NOT RUN" starttime="20220321 10:49:32.718" endtime="20220321 10:49:32.719"/>
</kw>
<status status="NOT RUN" starttime="20220321 10:49:32.718" endtime="20220321 10:49:32.719"/>
</branch>
<status status="PASS" starttime="20220321 10:49:32.718" endtime="20220321 10:49:32.719"/>
</if>
<status status="PASS" starttime="20220321 10:49:32.718" endtime="20220321 10:49:32.719"/>
</iter>
<iter>
<var name="${cont}">4</var>
<if>
<branch type="IF" condition="${cont} == 5">
<kw name="Log To Console" library="BuiltIn">
<arg>estou no numro ${cont}</arg>
<doc>Logs the given message to the console.</doc>
<status status="NOT RUN" starttime="20220321 10:49:32.719" endtime="20220321 10:49:32.719"/>
</kw>
<status status="NOT RUN" starttime="20220321 10:49:32.719" endtime="20220321 10:49:32.719"/>
</branch>
<branch type="ELSE IF" condition="${cont} == 8">
<kw name="Log To Console" library="BuiltIn">
<arg>estou no numro ${cont}</arg>
<doc>Logs the given message to the console.</doc>
<status status="NOT RUN" starttime="20220321 10:49:32.719" endtime="20220321 10:49:32.719"/>
</kw>
<status status="NOT RUN" starttime="20220321 10:49:32.719" endtime="20220321 10:49:32.719"/>
</branch>
<status status="PASS" starttime="20220321 10:49:32.719" endtime="20220321 10:49:32.719"/>
</if>
<status status="PASS" starttime="20220321 10:49:32.719" endtime="20220321 10:49:32.719"/>
</iter>
<iter>
<var name="${cont}">5</var>
<if>
<branch type="IF" condition="${cont} == 5">
<kw name="Log To Console" library="BuiltIn">
<arg>estou no numro ${cont}</arg>
<doc>Logs the given message to the console.</doc>
<status status="PASS" starttime="20220321 10:49:32.719" endtime="20220321 10:49:32.720"/>
</kw>
<status status="PASS" starttime="20220321 10:49:32.719" endtime="20220321 10:49:32.720"/>
</branch>
<branch type="ELSE IF" condition="${cont} == 8">
<kw name="Log To Console" library="BuiltIn">
<arg>estou no numro ${cont}</arg>
<doc>Logs the given message to the console.</doc>
<status status="NOT RUN" starttime="20220321 10:49:32.720" endtime="20220321 10:49:32.720"/>
</kw>
<status status="NOT RUN" starttime="20220321 10:49:32.720" endtime="20220321 10:49:32.720"/>
</branch>
<status status="PASS" starttime="20220321 10:49:32.719" endtime="20220321 10:49:32.720"/>
</if>
<status status="PASS" starttime="20220321 10:49:32.719" endtime="20220321 10:49:32.720"/>
</iter>
<iter>
<var name="${cont}">6</var>
<if>
<branch type="IF" condition="${cont} == 5">
<kw name="Log To Console" library="BuiltIn">
<arg>estou no numro ${cont}</arg>
<doc>Logs the given message to the console.</doc>
<status status="NOT RUN" starttime="20220321 10:49:32.721" endtime="20220321 10:49:32.721"/>
</kw>
<status status="NOT RUN" starttime="20220321 10:49:32.721" endtime="20220321 10:49:32.721"/>
</branch>
<branch type="ELSE IF" condition="${cont} == 8">
<kw name="Log To Console" library="BuiltIn">
<arg>estou no numro ${cont}</arg>
<doc>Logs the given message to the console.</doc>
<status status="NOT RUN" starttime="20220321 10:49:32.721" endtime="20220321 10:49:32.721"/>
</kw>
<status status="NOT RUN" starttime="20220321 10:49:32.721" endtime="20220321 10:49:32.721"/>
</branch>
<status status="PASS" starttime="20220321 10:49:32.720" endtime="20220321 10:49:32.721"/>
</if>
<status status="PASS" starttime="20220321 10:49:32.720" endtime="20220321 10:49:32.721"/>
</iter>
<iter>
<var name="${cont}">7</var>
<if>
<branch type="IF" condition="${cont} == 5">
<kw name="Log To Console" library="BuiltIn">
<arg>estou no numro ${cont}</arg>
<doc>Logs the given message to the console.</doc>
<status status="NOT RUN" starttime="20220321 10:49:32.721" endtime="20220321 10:49:32.721"/>
</kw>
<status status="NOT RUN" starttime="20220321 10:49:32.721" endtime="20220321 10:49:32.721"/>
</branch>
<branch type="ELSE IF" condition="${cont} == 8">
<kw name="Log To Console" library="BuiltIn">
<arg>estou no numro ${cont}</arg>
<doc>Logs the given message to the console.</doc>
<status status="NOT RUN" starttime="20220321 10:49:32.721" endtime="20220321 10:49:32.722"/>
</kw>
<status status="NOT RUN" starttime="20220321 10:49:32.721" endtime="20220321 10:49:32.722"/>
</branch>
<status status="PASS" starttime="20220321 10:49:32.721" endtime="20220321 10:49:32.722"/>
</if>
<status status="PASS" starttime="20220321 10:49:32.721" endtime="20220321 10:49:32.722"/>
</iter>
<iter>
<var name="${cont}">8</var>
<if>
<branch type="IF" condition="${cont} == 5">
<kw name="Log To Console" library="BuiltIn">
<arg>estou no numro ${cont}</arg>
<doc>Logs the given message to the console.</doc>
<status status="NOT RUN" starttime="20220321 10:49:32.722" endtime="20220321 10:49:32.722"/>
</kw>
<status status="NOT RUN" starttime="20220321 10:49:32.722" endtime="20220321 10:49:32.722"/>
</branch>
<branch type="ELSE IF" condition="${cont} == 8">
<kw name="Log To Console" library="BuiltIn">
<arg>estou no numro ${cont}</arg>
<doc>Logs the given message to the console.</doc>
<status status="PASS" starttime="20220321 10:49:32.722" endtime="20220321 10:49:32.723"/>
</kw>
<status status="PASS" starttime="20220321 10:49:32.722" endtime="20220321 10:49:32.723"/>
</branch>
<status status="PASS" starttime="20220321 10:49:32.722" endtime="20220321 10:49:32.723"/>
</if>
<status status="PASS" starttime="20220321 10:49:32.722" endtime="20220321 10:49:32.723"/>
</iter>
<iter>
<var name="${cont}">9</var>
<if>
<branch type="IF" condition="${cont} == 5">
<kw name="Log To Console" library="BuiltIn">
<arg>estou no numro ${cont}</arg>
<doc>Logs the given message to the console.</doc>
<status status="NOT RUN" starttime="20220321 10:49:32.723" endtime="20220321 10:49:32.724"/>
</kw>
<status status="NOT RUN" starttime="20220321 10:49:32.723" endtime="20220321 10:49:32.724"/>
</branch>
<branch type="ELSE IF" condition="${cont} == 8">
<kw name="Log To Console" library="BuiltIn">
<arg>estou no numro ${cont}</arg>
<doc>Logs the given message to the console.</doc>
<status status="NOT RUN" starttime="20220321 10:49:32.724" endtime="20220321 10:49:32.724"/>
</kw>
<status status="NOT RUN" starttime="20220321 10:49:32.724" endtime="20220321 10:49:32.724"/>
</branch>
<status status="PASS" starttime="20220321 10:49:32.723" endtime="20220321 10:49:32.724"/>
</if>
<status status="PASS" starttime="20220321 10:49:32.723" endtime="20220321 10:49:32.724"/>
</iter>
<status status="PASS" starttime="20220321 10:49:32.716" endtime="20220321 10:49:32.724"/>
</for>
<status status="PASS" starttime="20220321 10:49:32.716" endtime="20220321 10:49:32.724"/>
</kw>
<status status="PASS" starttime="20220321 10:49:32.715" endtime="20220321 10:49:32.725"/>
</test>
<status status="PASS" starttime="20220321 10:49:32.668" endtime="20220321 10:49:32.726"/>
</suite>
<statistics>
<total>
<stat pass="4" fail="0" skip="0">All Tests</stat>
</total>
<tag>
</tag>
<suite>
<stat pass="4" fail="0" skip="0" id="s1" name="Condicional">Condicional</stat>
</suite>
</statistics>
<errors>
</errors>
</robot>
